I, [2023-12-08T20:39:28.313157 #16456]  INFO -- Kitchen: -----> Starting Test Kitchen (v3.5.0)
I, [2023-12-08T20:39:35.754655 #16456]  INFO -- Kitchen: -----> Cleaning up any prior instances of <wordpress-app-ubuntu-2004>
I, [2023-12-08T20:39:35.755906 #16456]  INFO -- Kitchen: -----> Destroying <wordpress-app-ubuntu-2004>...
I, [2023-12-08T20:39:35.760148 #16456]  INFO -- Kitchen: -----> Testing <wordpress-app-ubuntu-2004>
I, [2023-12-08T20:39:35.763966 #16456]  INFO -- Kitchen: -----> Creating <wordpress-app-ubuntu-2004>...
I, [2023-12-08T20:42:15.951471 #16456]  INFO -- Kitchen: -----> Converging <wordpress-app-ubuntu-2004>...
I, [2023-12-08T20:46:53.375511 #16456]  INFO -- Kitchen: -----> Setting up <wordpress-app-ubuntu-2004>...
I, [2023-12-08T20:46:53.384852 #16456]  INFO -- Kitchen: -----> Verifying <wordpress-app-ubuntu-2004>...
E, [2023-12-08T20:47:08.764156 #16456] ERROR -- Kitchen: ------Exception-------
E, [2023-12-08T20:47:08.764360 #16456] ERROR -- Kitchen: Class: Kitchen::ActionFailed
E, [2023-12-08T20:47:08.764509 #16456] ERROR -- Kitchen: Message: 1 actions failed.
>>>>>>     Failed to complete #verify action: [Could not fetch inspec profile in "test/integration/wordpress-app".] on wordpress-app-ubuntu-2004
E, [2023-12-08T20:47:08.764654 #16456] ERROR -- Kitchen: ----------------------
E, [2023-12-08T20:47:08.764796 #16456] ERROR -- Kitchen: ------Backtrace-------
E, [2023-12-08T20:47:08.764939 #16456] ERROR -- Kitchen: C:/opscode/chef-workstation/embedded/lib/ruby/gems/3.1.0/gems/test-kitchen-3.5.0/lib/kitchen/command.rb:181:in `report_errors'
E, [2023-12-08T20:47:08.765084 #16456] ERROR -- Kitchen: C:/opscode/chef-workstation/embedded/lib/ruby/gems/3.1.0/gems/test-kitchen-3.5.0/lib/kitchen/command.rb:172:in `run_action'
E, [2023-12-08T20:47:08.765229 #16456] ERROR -- Kitchen: C:/opscode/chef-workstation/embedded/lib/ruby/gems/3.1.0/gems/test-kitchen-3.5.0/lib/kitchen/command/test.rb:41:in `block in call'
E, [2023-12-08T20:47:08.765398 #16456] ERROR -- Kitchen: C:/opscode/chef-workstation/embedded/lib/ruby/3.1.0/benchmark.rb:296:in `measure'
E, [2023-12-08T20:47:08.766149 #16456] ERROR -- Kitchen: C:/opscode/chef-workstation/embedded/lib/ruby/gems/3.1.0/gems/test-kitchen-3.5.0/lib/kitchen/command/test.rb:37:in `call'
E, [2023-12-08T20:47:08.766345 #16456] ERROR -- Kitchen: C:/opscode/chef-workstation/embedded/lib/ruby/gems/3.1.0/gems/test-kitchen-3.5.0/lib/kitchen/cli.rb:52:in `perform'
E, [2023-12-08T20:47:08.766503 #16456] ERROR -- Kitchen: C:/opscode/chef-workstation/embedded/lib/ruby/gems/3.1.0/gems/test-kitchen-3.5.0/lib/kitchen/cli.rb:250:in `test'
E, [2023-12-08T20:47:08.766660 #16456] ERROR -- Kitchen: C:/opscode/chef-workstation/embedded/lib/ruby/gems/3.1.0/gems/thor-1.2.2/lib/thor/command.rb:27:in `run'
E, [2023-12-08T20:47:08.766804 #16456] ERROR -- Kitchen: C:/opscode/chef-workstation/embedded/lib/ruby/gems/3.1.0/gems/thor-1.2.2/lib/thor/invocation.rb:127:in `invoke_command'
E, [2023-12-08T20:47:08.766948 #16456] ERROR -- Kitchen: C:/opscode/chef-workstation/embedded/lib/ruby/gems/3.1.0/gems/thor-1.2.2/lib/thor.rb:392:in `dispatch'
E, [2023-12-08T20:47:08.767097 #16456] ERROR -- Kitchen: C:/opscode/chef-workstation/embedded/lib/ruby/gems/3.1.0/gems/thor-1.2.2/lib/thor/base.rb:485:in `start'
E, [2023-12-08T20:47:08.767249 #16456] ERROR -- Kitchen: C:/opscode/chef-workstation/embedded/lib/ruby/gems/3.1.0/gems/test-kitchen-3.5.0/bin/kitchen:11:in `block in <top (required)>'
E, [2023-12-08T20:47:08.767438 #16456] ERROR -- Kitchen: C:/opscode/chef-workstation/embedded/lib/ruby/gems/3.1.0/gems/test-kitchen-3.5.0/lib/kitchen/errors.rb:183:in `with_friendly_errors'
E, [2023-12-08T20:47:08.767708 #16456] ERROR -- Kitchen: C:/opscode/chef-workstation/embedded/lib/ruby/gems/3.1.0/gems/test-kitchen-3.5.0/bin/kitchen:11:in `<top (required)>'
E, [2023-12-08T20:47:08.767855 #16456] ERROR -- Kitchen: C:/opscode/chef-workstation/bin/kitchen:439:in `load'
E, [2023-12-08T20:47:08.767995 #16456] ERROR -- Kitchen: C:/opscode/chef-workstation/bin/kitchen:439:in `<main>'
E, [2023-12-08T20:47:08.768132 #16456] ERROR -- Kitchen: ----End Backtrace-----
E, [2023-12-08T20:47:08.768725 #16456] ERROR -- Kitchen: -Composite Exception--
E, [2023-12-08T20:47:08.768916 #16456] ERROR -- Kitchen: Class: Kitchen::ActionFailed
E, [2023-12-08T20:47:08.769060 #16456] ERROR -- Kitchen: Message: Failed to complete #verify action: [Could not fetch inspec profile in "test/integration/wordpress-app".] on wordpress-app-ubuntu-2004
E, [2023-12-08T20:47:08.769237 #16456] ERROR -- Kitchen: ----------------------
E, [2023-12-08T20:47:08.769385 #16456] ERROR -- Kitchen: ------Backtrace-------
E, [2023-12-08T20:47:08.769718 #16456] ERROR -- Kitchen: C:/opscode/chef-workstation/embedded/lib/ruby/gems/3.1.0/gems/inspec-core-5.22.3/lib/inspec/cached_fetcher.rb:14:in `initialize'
E, [2023-12-08T20:47:08.769894 #16456] ERROR -- Kitchen: C:/opscode/chef-workstation/embedded/lib/ruby/gems/3.1.0/gems/inspec-core-5.22.3/lib/inspec/profile.rb:25:in `new'
E, [2023-12-08T20:47:08.770038 #16456] ERROR -- Kitchen: C:/opscode/chef-workstation/embedded/lib/ruby/gems/3.1.0/gems/inspec-core-5.22.3/lib/inspec/profile.rb:25:in `resolve_target'
E, [2023-12-08T20:47:08.770192 #16456] ERROR -- Kitchen: C:/opscode/chef-workstation/embedded/lib/ruby/gems/3.1.0/gems/inspec-core-5.22.3/lib/inspec/profile.rb:79:in `for_target'
E, [2023-12-08T20:47:08.770336 #16456] ERROR -- Kitchen: C:/opscode/chef-workstation/embedded/lib/ruby/gems/3.1.0/gems/inspec-core-5.22.3/lib/inspec/runner.rb:226:in `add_target'
E, [2023-12-08T20:47:08.770480 #16456] ERROR -- Kitchen: C:/opscode/chef-workstation/embedded/lib/ruby/gems/3.1.0/gems/kitchen-inspec-2.6.2/lib/kitchen/verifier/inspec.rb:103:in `block in call'
E, [2023-12-08T20:47:08.770626 #16456] ERROR -- Kitchen: C:/opscode/chef-workstation/embedded/lib/ruby/gems/3.1.0/gems/kitchen-inspec-2.6.2/lib/kitchen/verifier/inspec.rb:102:in `each'
E, [2023-12-08T20:47:08.770791 #16456] ERROR -- Kitchen: C:/opscode/chef-workstation/embedded/lib/ruby/gems/3.1.0/gems/kitchen-inspec-2.6.2/lib/kitchen/verifier/inspec.rb:102:in `call'
E, [2023-12-08T20:47:08.770933 #16456] ERROR -- Kitchen: C:/opscode/chef-workstation/embedded/lib/ruby/gems/3.1.0/gems/test-kitchen-3.5.0/lib/kitchen/instance.rb:469:in `block in verify_action'
E, [2023-12-08T20:47:08.771073 #16456] ERROR -- Kitchen: C:/opscode/chef-workstation/embedded/lib/ruby/gems/3.1.0/gems/test-kitchen-3.5.0/lib/kitchen/instance.rb:560:in `block in synchronize_or_call'
E, [2023-12-08T20:47:08.771224 #16456] ERROR -- Kitchen: C:/opscode/chef-workstation/embedded/lib/ruby/gems/3.1.0/gems/test-kitchen-3.5.0/lib/kitchen/instance.rb:558:in `synchronize'
E, [2023-12-08T20:47:08.771365 #16456] ERROR -- Kitchen: C:/opscode/chef-workstation/embedded/lib/ruby/gems/3.1.0/gems/test-kitchen-3.5.0/lib/kitchen/instance.rb:558:in `synchronize_or_call'
E, [2023-12-08T20:47:08.771506 #16456] ERROR -- Kitchen: C:/opscode/chef-workstation/embedded/lib/ruby/gems/3.1.0/gems/test-kitchen-3.5.0/lib/kitchen/instance.rb:524:in `block in action'
E, [2023-12-08T20:47:08.771646 #16456] ERROR -- Kitchen: C:/opscode/chef-workstation/embedded/lib/ruby/3.1.0/benchmark.rb:296:in `measure'
E, [2023-12-08T20:47:08.771796 #16456] ERROR -- Kitchen: C:/opscode/chef-workstation/embedded/lib/ruby/gems/3.1.0/gems/test-kitchen-3.5.0/lib/kitchen/instance.rb:523:in `action'
E, [2023-12-08T20:47:08.771947 #16456] ERROR -- Kitchen: C:/opscode/chef-workstation/embedded/lib/ruby/gems/3.1.0/gems/test-kitchen-3.5.0/lib/kitchen/instance.rb:461:in `verify_action'
E, [2023-12-08T20:47:08.772091 #16456] ERROR -- Kitchen: C:/opscode/chef-workstation/embedded/lib/ruby/gems/3.1.0/gems/test-kitchen-3.5.0/lib/kitchen/instance.rb:392:in `block (2 levels) in transition_to'
E, [2023-12-08T20:47:08.772240 #16456] ERROR -- Kitchen: C:/opscode/chef-workstation/embedded/lib/ruby/gems/3.1.0/gems/test-kitchen-3.5.0/lib/kitchen/lifecycle_hooks.rb:47:in `run_with_hooks'
E, [2023-12-08T20:47:08.772385 #16456] ERROR -- Kitchen: C:/opscode/chef-workstation/embedded/lib/ruby/gems/3.1.0/gems/test-kitchen-3.5.0/lib/kitchen/instance.rb:391:in `block in transition_to'
E, [2023-12-08T20:47:08.772529 #16456] ERROR -- Kitchen: C:/opscode/chef-workstation/embedded/lib/ruby/gems/3.1.0/gems/test-kitchen-3.5.0/lib/kitchen/instance.rb:390:in `each'
E, [2023-12-08T20:47:08.772742 #16456] ERROR -- Kitchen: C:/opscode/chef-workstation/embedded/lib/ruby/gems/3.1.0/gems/test-kitchen-3.5.0/lib/kitchen/instance.rb:390:in `transition_to'
E, [2023-12-08T20:47:08.772896 #16456] ERROR -- Kitchen: C:/opscode/chef-workstation/embedded/lib/ruby/gems/3.1.0/gems/test-kitchen-3.5.0/lib/kitchen/instance.rb:161:in `verify'
E, [2023-12-08T20:47:08.774024 #16456] ERROR -- Kitchen: C:/opscode/chef-workstation/embedded/lib/ruby/gems/3.1.0/gems/test-kitchen-3.5.0/lib/kitchen/instance.rb:190:in `block in test'
E, [2023-12-08T20:47:08.774321 #16456] ERROR -- Kitchen: C:/opscode/chef-workstation/embedded/lib/ruby/3.1.0/benchmark.rb:296:in `measure'
E, [2023-12-08T20:47:08.774512 #16456] ERROR -- Kitchen: C:/opscode/chef-workstation/embedded/lib/ruby/gems/3.1.0/gems/test-kitchen-3.5.0/lib/kitchen/instance.rb:186:in `test'
E, [2023-12-08T20:47:08.774659 #16456] ERROR -- Kitchen: C:/opscode/chef-workstation/embedded/lib/ruby/gems/3.1.0/gems/test-kitchen-3.5.0/lib/kitchen/command.rb:195:in `public_send'
E, [2023-12-08T20:47:08.774803 #16456] ERROR -- Kitchen: C:/opscode/chef-workstation/embedded/lib/ruby/gems/3.1.0/gems/test-kitchen-3.5.0/lib/kitchen/command.rb:195:in `run_action_in_thread'
E, [2023-12-08T20:47:08.774953 #16456] ERROR -- Kitchen: C:/opscode/chef-workstation/embedded/lib/ruby/gems/3.1.0/gems/test-kitchen-3.5.0/lib/kitchen/command.rb:166:in `block (2 levels) in run_action'
E, [2023-12-08T20:47:08.775112 #16456] ERROR -- Kitchen: C:/opscode/chef-workstation/embedded/lib/ruby/gems/3.1.0/gems/logging-2.3.1/lib/logging/diagnostic_context.rb:474:in `block in create_with_logging_context'
E, [2023-12-08T20:47:08.775260 #16456] ERROR -- Kitchen: ----End Backtrace-----
E, [2023-12-08T20:47:08.775405 #16456] ERROR -- Kitchen: ---Nested Exception---
E, [2023-12-08T20:47:08.775547 #16456] ERROR -- Kitchen: Class: Kitchen::ActionFailed
E, [2023-12-08T20:47:08.775689 #16456] ERROR -- Kitchen: Message: Failed to complete #verify action: [Could not fetch inspec profile in "test/integration/wordpress-app".]
E, [2023-12-08T20:47:08.775833 #16456] ERROR -- Kitchen: ----------------------
E, [2023-12-08T20:47:08.775978 #16456] ERROR -- Kitchen: ------Backtrace-------
E, [2023-12-08T20:47:08.776122 #16456] ERROR -- Kitchen: C:/opscode/chef-workstation/embedded/lib/ruby/gems/3.1.0/gems/inspec-core-5.22.3/lib/inspec/cached_fetcher.rb:14:in `initialize'
E, [2023-12-08T20:47:08.776265 #16456] ERROR -- Kitchen: C:/opscode/chef-workstation/embedded/lib/ruby/gems/3.1.0/gems/inspec-core-5.22.3/lib/inspec/profile.rb:25:in `new'
E, [2023-12-08T20:47:08.776408 #16456] ERROR -- Kitchen: C:/opscode/chef-workstation/embedded/lib/ruby/gems/3.1.0/gems/inspec-core-5.22.3/lib/inspec/profile.rb:25:in `resolve_target'
E, [2023-12-08T20:47:08.776554 #16456] ERROR -- Kitchen: C:/opscode/chef-workstation/embedded/lib/ruby/gems/3.1.0/gems/inspec-core-5.22.3/lib/inspec/profile.rb:79:in `for_target'
E, [2023-12-08T20:47:08.776715 #16456] ERROR -- Kitchen: C:/opscode/chef-workstation/embedded/lib/ruby/gems/3.1.0/gems/inspec-core-5.22.3/lib/inspec/runner.rb:226:in `add_target'
E, [2023-12-08T20:47:08.776860 #16456] ERROR -- Kitchen: C:/opscode/chef-workstation/embedded/lib/ruby/gems/3.1.0/gems/kitchen-inspec-2.6.2/lib/kitchen/verifier/inspec.rb:103:in `block in call'
E, [2023-12-08T20:47:08.777012 #16456] ERROR -- Kitchen: C:/opscode/chef-workstation/embedded/lib/ruby/gems/3.1.0/gems/kitchen-inspec-2.6.2/lib/kitchen/verifier/inspec.rb:102:in `each'
E, [2023-12-08T20:47:08.777153 #16456] ERROR -- Kitchen: C:/opscode/chef-workstation/embedded/lib/ruby/gems/3.1.0/gems/kitchen-inspec-2.6.2/lib/kitchen/verifier/inspec.rb:102:in `call'
E, [2023-12-08T20:47:08.777294 #16456] ERROR -- Kitchen: C:/opscode/chef-workstation/embedded/lib/ruby/gems/3.1.0/gems/test-kitchen-3.5.0/lib/kitchen/instance.rb:469:in `block in verify_action'
E, [2023-12-08T20:47:08.777439 #16456] ERROR -- Kitchen: C:/opscode/chef-workstation/embedded/lib/ruby/gems/3.1.0/gems/test-kitchen-3.5.0/lib/kitchen/instance.rb:560:in `block in synchronize_or_call'
E, [2023-12-08T20:47:08.777666 #16456] ERROR -- Kitchen: C:/opscode/chef-workstation/embedded/lib/ruby/gems/3.1.0/gems/test-kitchen-3.5.0/lib/kitchen/instance.rb:558:in `synchronize'
E, [2023-12-08T20:47:08.777819 #16456] ERROR -- Kitchen: C:/opscode/chef-workstation/embedded/lib/ruby/gems/3.1.0/gems/test-kitchen-3.5.0/lib/kitchen/instance.rb:558:in `synchronize_or_call'
E, [2023-12-08T20:47:08.777966 #16456] ERROR -- Kitchen: C:/opscode/chef-workstation/embedded/lib/ruby/gems/3.1.0/gems/test-kitchen-3.5.0/lib/kitchen/instance.rb:524:in `block in action'
E, [2023-12-08T20:47:08.778125 #16456] ERROR -- Kitchen: C:/opscode/chef-workstation/embedded/lib/ruby/3.1.0/benchmark.rb:296:in `measure'
E, [2023-12-08T20:47:08.778291 #16456] ERROR -- Kitchen: C:/opscode/chef-workstation/embedded/lib/ruby/gems/3.1.0/gems/test-kitchen-3.5.0/lib/kitchen/instance.rb:523:in `action'
E, [2023-12-08T20:47:08.778456 #16456] ERROR -- Kitchen: C:/opscode/chef-workstation/embedded/lib/ruby/gems/3.1.0/gems/test-kitchen-3.5.0/lib/kitchen/instance.rb:461:in `verify_action'
E, [2023-12-08T20:47:08.778681 #16456] ERROR -- Kitchen: C:/opscode/chef-workstation/embedded/lib/ruby/gems/3.1.0/gems/test-kitchen-3.5.0/lib/kitchen/instance.rb:392:in `block (2 levels) in transition_to'
E, [2023-12-08T20:47:08.778825 #16456] ERROR -- Kitchen: C:/opscode/chef-workstation/embedded/lib/ruby/gems/3.1.0/gems/test-kitchen-3.5.0/lib/kitchen/lifecycle_hooks.rb:47:in `run_with_hooks'
E, [2023-12-08T20:47:08.778970 #16456] ERROR -- Kitchen: C:/opscode/chef-workstation/embedded/lib/ruby/gems/3.1.0/gems/test-kitchen-3.5.0/lib/kitchen/instance.rb:391:in `block in transition_to'
E, [2023-12-08T20:47:08.779116 #16456] ERROR -- Kitchen: C:/opscode/chef-workstation/embedded/lib/ruby/gems/3.1.0/gems/test-kitchen-3.5.0/lib/kitchen/instance.rb:390:in `each'
E, [2023-12-08T20:47:08.779271 #16456] ERROR -- Kitchen: C:/opscode/chef-workstation/embedded/lib/ruby/gems/3.1.0/gems/test-kitchen-3.5.0/lib/kitchen/instance.rb:390:in `transition_to'
E, [2023-12-08T20:47:08.779408 #16456] ERROR -- Kitchen: C:/opscode/chef-workstation/embedded/lib/ruby/gems/3.1.0/gems/test-kitchen-3.5.0/lib/kitchen/instance.rb:161:in `verify'
E, [2023-12-08T20:47:08.779545 #16456] ERROR -- Kitchen: C:/opscode/chef-workstation/embedded/lib/ruby/gems/3.1.0/gems/test-kitchen-3.5.0/lib/kitchen/instance.rb:190:in `block in test'
E, [2023-12-08T20:47:08.779682 #16456] ERROR -- Kitchen: C:/opscode/chef-workstation/embedded/lib/ruby/3.1.0/benchmark.rb:296:in `measure'
E, [2023-12-08T20:47:08.779818 #16456] ERROR -- Kitchen: C:/opscode/chef-workstation/embedded/lib/ruby/gems/3.1.0/gems/test-kitchen-3.5.0/lib/kitchen/instance.rb:186:in `test'
E, [2023-12-08T20:47:08.779985 #16456] ERROR -- Kitchen: C:/opscode/chef-workstation/embedded/lib/ruby/gems/3.1.0/gems/test-kitchen-3.5.0/lib/kitchen/command.rb:195:in `public_send'
E, [2023-12-08T20:47:08.780227 #16456] ERROR -- Kitchen: C:/opscode/chef-workstation/embedded/lib/ruby/gems/3.1.0/gems/test-kitchen-3.5.0/lib/kitchen/command.rb:195:in `run_action_in_thread'
E, [2023-12-08T20:47:08.780376 #16456] ERROR -- Kitchen: C:/opscode/chef-workstation/embedded/lib/ruby/gems/3.1.0/gems/test-kitchen-3.5.0/lib/kitchen/command.rb:166:in `block (2 levels) in run_action'
E, [2023-12-08T20:47:08.780521 #16456] ERROR -- Kitchen: C:/opscode/chef-workstation/embedded/lib/ruby/gems/3.1.0/gems/logging-2.3.1/lib/logging/diagnostic_context.rb:474:in `block in create_with_logging_context'
E, [2023-12-08T20:47:08.780660 #16456] ERROR -- Kitchen: ----End Backtrace-----
